2021-05-07 12:38:29.155  INFO 12284 --- [main] c.s.u.UserjwtServiceApplication          : No active profile set, falling back to default profiles: default
2021-05-07 12:38:33.309  INFO 12284 --- [main] .s.d.r.c.RepositoryConfigurationDelegate : Bootstrapping Spring Data JPA repositories in DEFAULT mode.
2021-05-07 12:38:34.439  INFO 12284 --- [main] .s.d.r.c.RepositoryConfigurationDelegate : Finished Spring Data repository scanning in 1104ms. Found 1 JPA repository interfaces.
2021-05-07 12:38:37.165  INFO 12284 --- [main] o.s.cloud.context.scope.GenericScope     : BeanFactory id=71efeb9a-c488-3c37-be50-5daeca0aeb6c
2021-05-07 12:38:40.330  INFO 12284 --- [main] o.s.b.w.embedded.tomcat.TomcatWebServer  : Tomcat initialized with port(s): 8000 (http)
2021-05-07 12:38:40.377  INFO 12284 --- [main] o.apache.catalina.core.StandardService   : Starting service [Tomcat]
2021-05-07 12:38:40.378  INFO 12284 --- [main] org.apache.catalina.core.StandardEngine  : Starting Servlet engine: [Apache Tomcat/9.0.45]
2021-05-07 12:38:42.198  INFO 12284 --- [main] o.a.c.c.C.[Tomcat].[localhost].[/]       : Initializing Spring embedded WebApplicationContext
2021-05-07 12:38:42.200  INFO 12284 --- [main] w.s.c.ServletWebServerApplicationContext : Root WebApplicationContext: initialization completed in 12874 ms
2021-05-07 12:38:45.882  INFO 12284 --- [main] o.hibernate.jpa.internal.util.LogHelper  : HHH000204: Processing PersistenceUnitInfo [name: default]
2021-05-07 12:38:46.406  INFO 12284 --- [main] org.hibernate.Version                    : HHH000412: Hibernate ORM core version 5.4.30.Final
2021-05-07 12:38:47.464  INFO 12284 --- [main] o.hibernate.annotations.common.Version   : HCANN000001: Hibernate Commons Annotations {5.1.2.Final}
2021-05-07 12:38:48.436  INFO 12284 --- [main] com.zaxxer.hikari.HikariDataSource       : HikariPool-1 - Starting...
2021-05-07 12:38:51.352  INFO 12284 --- [main] com.zaxxer.hikari.HikariDataSource       : HikariPool-1 - Start completed.
2021-05-07 12:38:51.844  INFO 12284 --- [main] org.hibernate.dialect.Dialect            : HHH000400: Using dialect: org.hibernate.dialect.MySQL8Dialect
2021-05-07 12:38:57.303  INFO 12284 --- [main] o.h.e.t.j.p.i.JtaPlatformInitiator       : HHH000490: Using JtaPlatform implementation: [org.hibernate.engine.transaction.jta.platform.internal.NoJtaPlatform]
2021-05-07 12:38:57.333  INFO 12284 --- [main] j.LocalContainerEntityManagerFactoryBean : Initialized JPA EntityManagerFactory for persistence unit 'default'
2021-05-07 12:39:03.661  WARN 12284 --- [main] JpaBaseConfiguration$JpaWebConfiguration : spring.jpa.open-in-view is enabled by default. Therefore, database queries may be performed during view rendering. Explicitly configure spring.jpa.open-in-view to disable this warning
2021-05-07 12:39:07.292  WARN 12284 --- [main] c.n.c.sources.URLConfigurationSource     : No URLs will be polled as dynamic configuration sources.
2021-05-07 12:39:07.293  INFO 12284 --- [main] c.n.c.sources.URLConfigurationSource     : To enable URLs as dynamic configuration sources, define System property archaius.configurationSource.additionalUrls or make config.properties available on classpath.
2021-05-07 12:39:07.360  WARN 12284 --- [main] c.n.c.sources.URLConfigurationSource     : No URLs will be polled as dynamic configuration sources.
2021-05-07 12:39:07.361  INFO 12284 --- [main] c.n.c.sources.URLConfigurationSource     : To enable URLs as dynamic configuration sources, define System property archaius.configurationSource.additionalUrls or make config.properties available on classpath.
2021-05-07 12:39:09.615  INFO 12284 --- [main] o.s.s.concurrent.ThreadPoolTaskExecutor  : Initializing ExecutorService 'applicationTaskExecutor'
2021-05-07 12:39:16.706  INFO 12284 --- [main] DiscoveryClientOptionalArgsConfiguration : Eureka HTTP Client uses Jersey
2021-05-07 12:39:19.836  WARN 12284 --- [main] ockingLoadBalancerClientRibbonWarnLogger : You already have RibbonLoadBalancerClient on your classpath. It will be used by default. As Spring Cloud Ribbon is in maintenance mode. We recommend switching to BlockingLoadBalancerClient instead. In order to use it, set the value of `spring.cloud.loadbalancer.ribbon.enabled` to `false` or remove spring-cloud-starter-netflix-ribbon from your project.
2021-05-07 12:39:20.235  INFO 12284 --- [main] o.s.c.n.eureka.InstanceInfoFactory       : Setting initial instance status as: STARTING
2021-05-07 12:39:20.750  INFO 12284 --- [main] com.netflix.discovery.DiscoveryClient    : Initializing Eureka in region us-east-1
2021-05-07 12:39:21.291  INFO 12284 --- [main] c.n.d.provider.DiscoveryJerseyProvider   : Using JSON encoding codec LegacyJacksonJson
2021-05-07 12:39:21.292  INFO 12284 --- [main] c.n.d.provider.DiscoveryJerseyProvider   : Using JSON decoding codec LegacyJacksonJson
2021-05-07 12:39:22.810  INFO 12284 --- [main] c.n.d.provider.DiscoveryJerseyProvider   : Using XML encoding codec XStreamXml
2021-05-07 12:39:22.811  INFO 12284 --- [main] c.n.d.provider.DiscoveryJerseyProvider   : Using XML decoding codec XStreamXml
2021-05-07 12:39:24.407  INFO 12284 --- [main] c.n.d.s.r.aws.ConfigClusterResolver      : Resolving eureka endpoints via configuration
2021-05-07 12:39:24.594  INFO 12284 --- [main] com.netflix.discovery.DiscoveryClient    : Disable delta property : false
2021-05-07 12:39:24.596  INFO 12284 --- [main] com.netflix.discovery.DiscoveryClient    : Single vip registry refresh property : null
2021-05-07 12:39:24.599  INFO 12284 --- [main] com.netflix.discovery.DiscoveryClient    : Force full registry fetch : false
2021-05-07 12:39:24.605  INFO 12284 --- [main] com.netflix.discovery.DiscoveryClient    : Application is null : false
2021-05-07 12:39:24.605  INFO 12284 --- [main] com.netflix.discovery.DiscoveryClient    : Registered Applications size is zero : true
2021-05-07 12:39:24.608  INFO 12284 --- [main] com.netflix.discovery.DiscoveryClient    : Application version is -1: true
2021-05-07 12:39:24.609  INFO 12284 --- [main] com.netflix.discovery.DiscoveryClient    : Getting all instance registry info from the eureka server
2021-05-07 12:39:25.252  INFO 12284 --- [main] com.netflix.discovery.DiscoveryClient    : The response status is 200
2021-05-07 12:39:25.263  INFO 12284 --- [main] com.netflix.discovery.DiscoveryClient    : Starting heartbeat executor: renew interval is: 30
2021-05-07 12:39:25.271  INFO 12284 --- [main] c.n.discovery.InstanceInfoReplicator     : InstanceInfoReplicator onDemand update allowed rate per min is 4
2021-05-07 12:39:25.284  INFO 12284 --- [main] com.netflix.discovery.DiscoveryClient    : Discovery Client initialized at timestamp 1620371365277 with initial instances count: 1
2021-05-07 12:39:25.292  INFO 12284 --- [main] o.s.c.n.e.s.EurekaServiceRegistry        : Registering application USERJWTSERVICE with eureka with status UP
2021-05-07 12:39:25.293  INFO 12284 --- [main] com.netflix.discovery.DiscoveryClient    : Saw local status change event StatusChangeEvent [timestamp=1620371365293, current=UP, previous=STARTING]
2021-05-07 12:39:25.595  INFO 12284 --- [DiscoveryClient-InstanceInfoReplicator-0] com.netflix.discovery.DiscoveryClient    : DiscoveryClient_USERJWTSERVICE/host.docker.internal:UserJWTService:8000: registering service...
2021-05-07 12:39:25.663  INFO 12284 --- [main] o.s.b.w.embedded.tomcat.TomcatWebServer  : Tomcat started on port(s): 8000 (http) with context path ''
2021-05-07 12:39:25.666  INFO 12284 --- [main] .s.c.n.e.s.EurekaAutoServiceRegistration : Updating port to 8000
2021-05-07 12:39:25.936  INFO 12284 --- [DiscoveryClient-InstanceInfoReplicator-0] com.netflix.discovery.DiscoveryClient    : DiscoveryClient_USERJWTSERVICE/host.docker.internal:UserJWTService:8000 - registration status: 204
2021-05-07 12:39:27.138  INFO 12284 --- [main] d.s.w.p.DocumentationPluginsBootstrapper : Context refreshed
2021-05-07 12:39:27.427  INFO 12284 --- [main] d.s.w.p.DocumentationPluginsBootstrapper : Found 1 custom documentation plugin(s)
2021-05-07 12:39:27.558  INFO 12284 --- [main] s.d.s.w.s.ApiListingReferenceScanner     : Scanning for api listing references
2021-05-07 12:39:28.637  INFO 12284 --- [main] c.s.u.UserjwtServiceApplication          : Started UserjwtServiceApplication in 66.814 seconds (JVM running for 69.457)
2021-05-07 12:40:29.678  INFO 12284 --- [http-nio-8000-exec-1] o.a.c.c.C.[Tomcat].[localhost].[/]       : Initializing Spring DispatcherServlet 'dispatcherServlet'
2021-05-07 12:40:29.687  INFO 12284 --- [http-nio-8000-exec-1] o.s.web.servlet.DispatcherServlet        : Initializing Servlet 'dispatcherServlet'
2021-05-07 12:40:29.876  INFO 12284 --- [http-nio-8000-exec-1] o.s.web.servlet.DispatcherServlet        : Completed initialization in 188 ms
